<ShowPlanXML xmlns="http://schemas.microsoft.com/sqlserver/2004/07/showplan" Version="1.539" Build="15.0.4430.1"><BatchSequence><Batch><Statements><StmtCond StatementText="while 1=1" StatementId="1" StatementCompId="1" StatementType="COND" RetrievedFromCache="true"><Condition/><Then><Statements><StmtSimple StatementText="&#x0D;&#x0A;begin&#x0D;&#x0A;    declare @strategy nvarchar(50) = 'abcde'&#x0D;&#x0A;" StatementId="2" StatementCompId="2" StatementType="ASSIGN" RetrievedFromCache="true"/><StmtSimple StatementText="select * from trades where strategy=@strategy" StatementId="3" StatementCompId="3" StatementType="SELECT" RetrievedFromCache="true" StatementSubTreeCost="21.3787" StatementEstRows="405400" SecurityPolicyApplied="false" StatementOptmLevel="FULL" QueryHash="0x1F0E71016D081B26" QueryPlanHash="0x430B793B8F32ED65" CardinalityEstimationModelVersion="150"><StatementSetOptions QUOTED_IDENTIFIER="true" ARITHABORT="false" CONCAT_NULL_YIELDS_NULL="true" ANSI_NULLS="true" ANSI_PADDING="true" ANSI_WARNINGS="true" NUMERIC_ROUNDABORT="false"/><QueryPlan CachedPlanSize="24" CompileTime="1" CompileCPU="1" CompileMemory="216"><ThreadStat Branches="1"/><Warnings><PlanAffectingConvert ConvertIssue="Seek Plan" Expression="CONVERT_IMPLICIT(nvarchar(50),[master].[dbo].[trades].[strategy],0)=[@strategy]"/></Warnings><MemoryGrantInfo SerialRequiredMemory="0" SerialDesiredMemory="0" GrantedMemory="0" MaxUsedMemory="0"/><OptimizerHardwareDependentProperties EstimatedAvailableMemoryGrant="81132" EstimatedPagesCached="81132" EstimatedAvailableDegreeOfParallelism="8" MaxCompileMemory="2836272"/><OptimizerStatsUsage><StatisticsInfo LastUpdate="2025-12-15T15:56:47.08" ModificationCount="0" SamplingPercent="5.87499" Statistics="[trades_group_01_idx]" Table="[trades]" Schema="[dbo]" Database="[master]"/></OptimizerStatsUsage><RelOp NodeId="0" PhysicalOp="Parallelism" LogicalOp="Gather Streams" EstimateRows="405400" EstimateIO="0" EstimateCPU="0.665409" AvgRowSize="131" EstimatedTotalSubtreeCost="21.3787" Parallel="1" EstimateRebinds="0" EstimateRewinds="0" EstimatedExecutionMode="Row"><OutputList><ColumnReference Database="[master]" Schema="[dbo]" Table="[trades]" Column="id"/><ColumnReference Database="[master]" Schema="[dbo]" Table="[trades]" Column="strategy"/><ColumnReference Database="[master]" Schema="[dbo]" Table="[trades]" Column="qty"/><ColumnReference Database="[master]" Schema="[dbo]" Table="[trades]" Column="price"/><ColumnReference Database="[master]" Schema="[dbo]" Table="[trades]" Column="account"/><ColumnReference Database="[master]" Schema="[dbo]" Table="[trades]" Column="asset"/></OutputList><Parallelism><RelOp NodeId="2" PhysicalOp="Clustered Index Scan" LogicalOp="Clustered Index Scan" EstimateRows="405400" EstimatedRowsRead="2.027e+06" EstimateIO="20.2876" EstimateCPU="0.278732" AvgRowSize="131" EstimatedTotalSubtreeCost="20.5663" TableCardinality="2.027e+06" Parallel="1" EstimateRebinds="0" EstimateRewinds="0" EstimatedExecutionMode="Row"><OutputList><ColumnReference Database="[master]" Schema="[dbo]" Table="[trades]" Column="id"/><ColumnReference Database="[master]" Schema="[dbo]" Table="[trades]" Column="strategy"/><ColumnReference Database="[master]" Schema="[dbo]" Table="[trades]" Column="qty"/><ColumnReference Database="[master]" Schema="[dbo]" Table="[trades]" Column="price"/><ColumnReference Database="[master]" Schema="[dbo]" Table="[trades]" Column="account"/><ColumnReference Database="[master]" Schema="[dbo]" Table="[trades]" Column="asset"/></OutputList><IndexScan Ordered="0" ForcedIndex="0" ForceScan="0" NoExpandHint="0" Storage="RowStore"><DefinedValues><DefinedValue><ColumnReference Database="[master]" Schema="[dbo]" Table="[trades]" Column="id"/></DefinedValue><DefinedValue><ColumnReference Database="[master]" Schema="[dbo]" Table="[trades]" Column="strategy"/></DefinedValue><DefinedValue><ColumnReference Database="[master]" Schema="[dbo]" Table="[trades]" Column="qty"/></DefinedValue><DefinedValue><ColumnReference Database="[master]" Schema="[dbo]" Table="[trades]" Column="price"/></DefinedValue><DefinedValue><ColumnReference Database="[master]" Schema="[dbo]" Table="[trades]" Column="account"/></DefinedValue><DefinedValue><ColumnReference Database="[master]" Schema="[dbo]" Table="[trades]" Column="asset"/></DefinedValue></DefinedValues><Object Database="[master]" Schema="[dbo]" Table="[trades]" Index="[PK__trades__3213E83F36668621]" IndexKind="Clustered" Storage="RowStore"/><Predicate><ScalarOperator ScalarString="CONVERT_IMPLICIT(nvarchar(50),[master].[dbo].[trades].[strategy],0)=[@strategy]"><Compare CompareOp="EQ"><ScalarOperator><Convert DataType="nvarchar" Length="100" Style="0" Implicit="1"><ScalarOperator><Identifier><ColumnReference Database="[master]" Schema="[dbo]" Table="[trades]" Column="strategy"/></Identifier></ScalarOperator></Convert></ScalarOperator><ScalarOperator><Identifier><ColumnReference Column="@strategy"/></Identifier></ScalarOperator></Compare></ScalarOperator></Predicate></IndexScan></RelOp></Parallelism></RelOp></QueryPlan></StmtSimple><StmtSimple StatementText="&#x0D;&#x0A;    waitfor delay '00:00:01'&#x0D;&#x0A;" StatementId="4" StatementCompId="4" StatementType="WAITFOR" RetrievedFromCache="true"/></Statements></Then></StmtCond></Statements></Batch></BatchSequence></ShowPlanXML>