<ShowPlanXML xmlns="http://schemas.microsoft.com/sqlserver/2004/07/showplan" Version="1.539" Build="15.0.4430.1"><BatchSequence><Batch><Statements><StmtSimple StatementText="&#x0A;SELECT s.session_id,&#x0A;       s.login_time,&#x0A;       s.host_name,&#x0A;       s.program_name,&#x0A;       s.login_name,&#x0A;       s.status,&#x0A;       s.cpu_time,&#x0A;       s.memory_usage,&#x0A;       p.total_elapsed_time,&#x0A;       s.last_request_start_time,&#x0A;       s.last_request_end_time,&#x0A;       s.reads,&#x0A;       s.writes,&#x0A;       s.logical_reads,&#x0A;       s.row_count,&#x0A;       s.database_id,&#x0A;       p.blocking_session_id,&#x0A;       p.wait_type,&#x0A;       p.wait_time,&#x0A;       p.last_wait_type,&#x0A;       p.wait_resource,&#x0A;       p.status,&#x0A;       sql_handle,&#x0A;  plan_handle,&#x0A;       text, p.request_id, p.transaction_id, p.connection_id, p.percent_complete, p.estimated_completion_time, s.transaction_isolation_level,&#x0A;       query_hash, isnull(c.client_net_address, '') as client_net_address&#x0A;FROM sys.dm_exec_sessions s&#x0A;         inner join sys.dm_exec_requests  p on p.session_id = s.session_id&#x0A;left JOIN sys.dm_exec_connections AS c on s.session_id = c.session_id&#x0A;         CROSS APPLY sys.dm_exec_sql_text(sql_handle)&#x0A;&#x09; where text is not null" StatementId="1" StatementCompId="1" StatementType="SELECT" RetrievedFromCache="true" StatementSubTreeCost="18.6744" StatementEstRows="2.22544e+06" SecurityPolicyApplied="false" StatementOptmLevel="FULL" QueryHash="0x9B8F1CCBE686EB8F" QueryPlanHash="0xFB09423432E8979D" CardinalityEstimationModelVersion="150"><StatementSetOptions QUOTED_IDENTIFIER="true" ARITHABORT="false" CONCAT_NULL_YIELDS_NULL="true" ANSI_NULLS="true" ANSI_PADDING="true" ANSI_WARNINGS="true" NUMERIC_ROUNDABORT="false"/><QueryPlan CachedPlanSize="112" CompileTime="22" CompileCPU="9" CompileMemory="752"><MemoryGrantInfo SerialRequiredMemory="1024" SerialDesiredMemory="2592" GrantedMemory="0" MaxUsedMemory="0"/><OptimizerHardwareDependentProperties EstimatedAvailableMemoryGrant="81132" EstimatedPagesCached="81132" EstimatedAvailableDegreeOfParallelism="8" MaxCompileMemory="1264936"/><RelOp NodeId="0" PhysicalOp="Filter" LogicalOp="Filter" EstimateRows="2.22544e+06" EstimateIO="0" EstimateCPU="1.1869" AvgRowSize="5121" EstimatedTotalSubtreeCost="18.6744" Parallel="0" EstimateRebinds="0" EstimateRewinds="0" EstimatedExecutionMode="Row"><OutputList><ColumnReference Table="[SYSSESSIONS]" Column="session_id"/><ColumnReference Table="[SYSSESSIONS]" Column="login_time"/><ColumnReference Table="[SYSSESSIONS]" Column="host_name"/><ColumnReference Table="[SYSSESSIONS]" Column="program_name"/><ColumnReference Table="[SYSSESSIONS]" Column="login_name"/><ColumnReference Table="[SYSSESSIONS]" Column="status"/><ColumnReference Table="[SYSSESSIONS]" Column="cpu_time"/><ColumnReference Table="[SYSSESSIONS]" Column="memory_usage"/><ColumnReference Table="[SYSSESSIONS]" Column="last_request_start_time"/><ColumnReference Table="[SYSSESSIONS]" Column="last_request_end_time"/><ColumnReference Table="[SYSSESSIONS]" Column="reads"/><ColumnReference Table="[SYSSESSIONS]" Column="writes"/><ColumnReference Table="[SYSSESSIONS]" Column="logical_reads"/><ColumnReference Table="[SYSSESSIONS]" Column="transaction_isolation_level"/><ColumnReference Table="[SYSSESSIONS]" Column="row_count"/><ColumnReference Table="[SYSSESSIONS]" Column="database_id"/><ColumnReference Table="[SYSREQUESTS]" Column="request_id"/><ColumnReference Table="[SYSREQUESTS]" Column="status"/><ColumnReference Table="[SYSREQUESTS]" Column="sql_handle"/><ColumnReference Table="[SYSREQUESTS]" Column="plan_handle"/><ColumnReference Table="[SYSREQUESTS]" Column="connection_id"/><ColumnReference Table="[SYSREQUESTS]" Column="blocking_session_id"/><ColumnReference Table="[SYSREQUESTS]" Column="wait_type"/><ColumnReference Table="[SYSREQUESTS]" Column="wait_time"/><ColumnReference Table="[SYSREQUESTS]" Column="last_wait_type"/><ColumnReference Table="[SYSREQUESTS]" Column="wait_resource"/><ColumnReference Table="[SYSREQUESTS]" Column="transaction_id"/><ColumnReference Table="[SYSREQUESTS]" Column="percent_complete"/><ColumnReference Table="[SYSREQUESTS]" Column="estimated_completion_time"/><ColumnReference Table="[SYSREQUESTS]" Column="total_elapsed_time"/><ColumnReference Table="[SYSREQUESTS]" Column="query_hash"/><ColumnReference Table="[FNGETSQL]" Column="text"/><ColumnReference Column="Expr1000"/></OutputList><Filter StartupExpression="0"><RelOp NodeId="1" PhysicalOp="Nested Loops" LogicalOp="Inner Join" EstimateRows="2.47271e+06" EstimateIO="0" EstimateCPU="10.3359" AvgRowSize="5121" EstimatedTotalSubtreeCost="17.4875" Parallel="0" EstimateRebinds="0" EstimateRewinds="0" EstimatedExecutionMode="Row"><OutputList><ColumnReference Table="[SYSSESSIONS]" Column="session_id"/><ColumnReference Table="[SYSSESSIONS]" Column="login_time"/><ColumnReference Table="[SYSSESSIONS]" Column="host_name"/><ColumnReference Table="[SYSSESSIONS]" Column="program_name"/><ColumnReference Table="[SYSSESSIONS]" Column="login_name"/><ColumnReference Table="[SYSSESSIONS]" Column="status"/><ColumnReference Table="[SYSSESSIONS]" Column="cpu_time"/><ColumnReference Table="[SYSSESSIONS]" Column="memory_usage"/><ColumnReference Table="[SYSSESSIONS]" Column="last_request_start_time"/><ColumnReference Table="[SYSSESSIONS]" Column="last_request_end_time"/><ColumnReference Table="[SYSSESSIONS]" Column="reads"/><ColumnReference Table="[SYSSESSIONS]" Column="writes"/><ColumnReference Table="[SYSSESSIONS]" Column="logical_reads"/><ColumnReference Table="[SYSSESSIONS]" Column="transaction_isolation_level"/><ColumnReference Table="[SYSSESSIONS]" Column="row_count"/><ColumnReference Table="[SYSSESSIONS]" Column="database_id"/><ColumnReference Table="[SYSREQUESTS]" Column="request_id"/><ColumnReference Table="[SYSREQUESTS]" Column="status"/><ColumnReference Table="[SYSREQUESTS]" Column="sql_handle"/><ColumnReference Table="[SYSREQUESTS]" Column="plan_handle"/><ColumnReference Table="[SYSREQUESTS]" Column="connection_id"/><ColumnReference Table="[SYSREQUESTS]" Column="blocking_session_id"/><ColumnReference Table="[SYSREQUESTS]" Column="wait_type"/><ColumnReference Table="[SYSREQUESTS]" Column="wait_time"/><ColumnReference Table="[SYSREQUESTS]" Column="last_wait_type"/><ColumnReference Table="[SYSREQUESTS]" Column="wait_resource"/><ColumnReference Table="[SYSREQUESTS]" Column="transaction_id"/><ColumnReference Table="[SYSREQUESTS]" Column="percent_complete"/><ColumnReference Table="[SYSREQUESTS]" Column="estimated_completion_time"/><ColumnReference Table="[SYSREQUESTS]" Column="total_elapsed_time"/><ColumnReference Table="[SYSREQUESTS]" Column="query_hash"/><ColumnReference Table="[FNGETSQL]" Column="text"/><ColumnReference Column="Expr1000"/></OutputList><NestedLoops Optimized="0"><OuterReferences><ColumnReference Table="[SYSREQUESTS]" Column="sql_handle"/></OuterReferences><RelOp NodeId="2" PhysicalOp="Compute Scalar" LogicalOp="Compute Scalar" EstimateRows="2.47271e+06" EstimateIO="0" EstimateCPU="0.247271" AvgRowSize="1094" EstimatedTotalSubtreeCost="4.67887" Parallel="0" EstimateRebinds="0" EstimateRewinds="0" EstimatedExecutionMode="Row"><OutputList><ColumnReference Table="[SYSSESSIONS]" Column="session_id"/><ColumnReference Table="[SYSSESSIONS]" Column="login_time"/><ColumnReference Table="[SYSSESSIONS]" Column="host_name"/><ColumnReference Table="[SYSSESSIONS]" Column="program_name"/><ColumnReference Table="[SYSSESSIONS]" Column="login_name"/><ColumnReference Table="[SYSSESSIONS]" Column="status"/><ColumnReference Table="[SYSSESSIONS]" Column="cpu_time"/><ColumnReference Table="[SYSSESSIONS]" Column="memory_usage"/><ColumnReference Table="[SYSSESSIONS]" Column="last_request_start_time"/><ColumnReference Table="[SYSSESSIONS]" Column="last_request_end_time"/><ColumnReference Table="[SYSSESSIONS]" Column="reads"/><ColumnReference Table="[SYSSESSIONS]" Column="writes"/><ColumnReference Table="[SYSSESSIONS]" Column="logical_reads"/><ColumnReference Table="[SYSSESSIONS]" Column="transaction_isolation_level"/><ColumnReference Table="[SYSSESSIONS]" Column="row_count"/><ColumnReference Table="[SYSSESSIONS]" Column="database_id"/><ColumnReference Table="[SYSREQUESTS]" Column="request_id"/><ColumnReference Table="[SYSREQUESTS]" Column="status"/><ColumnReference Table="[SYSREQUESTS]" Column="sql_handle"/><ColumnReference Table="[SYSREQUESTS]" Column="plan_handle"/><ColumnReference Table="[SYSREQUESTS]" Column="connection_id"/><ColumnReference Table="[SYSREQUESTS]" Column="blocking_session_id"/><ColumnReference Table="[SYSREQUESTS]" Column="wait_type"/><ColumnReference Table="[SYSREQUESTS]" Column="wait_time"/><ColumnReference Table="[SYSREQUESTS]" Column="last_wait_type"/><ColumnReference Table="[SYSREQUESTS]" Column="wait_resource"/><ColumnReference Table="[SYSREQUESTS]" Column="transaction_id"/><ColumnReference Table="[SYSREQUESTS]" Column="percent_complete"/><ColumnReference Table="[SYSREQUESTS]" Column="estimated_completion_time"/><ColumnReference Table="[SYSREQUESTS]" Column="total_elapsed_time"/><ColumnReference Table="[SYSREQUESTS]" Column="query_hash"/><ColumnReference Column="Expr1000"/></OutputList><ComputeScalar><DefinedValues><DefinedValue><ColumnReference Column="Expr1000"/><ScalarOperator ScalarString="isnull(SYSCONNECTIONS.[client_net_address],N'')"><Intrinsic FunctionName="isnull"><ScalarOperator><Identifier><ColumnReference Table="[SYSCONNECTIONS]" Column="client_net_address"/></Identifier></ScalarOperator><ScalarOperator><Const ConstValue="N''"/></ScalarOperator></Intrinsic></ScalarOperator></DefinedValue></DefinedValues><RelOp NodeId="3" PhysicalOp="Hash Match" LogicalOp="Right Outer Join" EstimateRows="2.47271e+06" EstimateIO="0" EstimateCPU="4.3001" AvgRowSize="1094" EstimatedTotalSubtreeCost="4.4316" Parallel="0" EstimateRebinds="0" EstimateRewinds="0" EstimatedExecutionMode="Row"><OutputList><ColumnReference Table="[SYSSESSIONS]" Column="session_id"/><ColumnReference Table="[SYSSESSIONS]" Column="login_time"/><ColumnReference Table="[SYSSESSIONS]" Column="host_name"/><ColumnReference Table="[SYSSESSIONS]" Column="program_name"/><ColumnReference Table="[SYSSESSIONS]" Column="login_name"/><ColumnReference Table="[SYSSESSIONS]" Column="status"/><ColumnReference Table="[SYSSESSIONS]" Column="cpu_time"/><ColumnReference Table="[SYSSESSIONS]" Column="memory_usage"/><ColumnReference Table="[SYSSESSIONS]" Column="last_request_start_time"/><ColumnReference Table="[SYSSESSIONS]" Column="last_request_end_time"/><ColumnReference Table="[SYSSESSIONS]" Column="reads"/><ColumnReference Table="[SYSSESSIONS]" Column="writes"/><ColumnReference Table="[SYSSESSIONS]" Column="logical_reads"/><ColumnReference Table="[SYSSESSIONS]" Column="transaction_isolation_level"/><ColumnReference Table="[SYSSESSIONS]" Column="row_count"/><ColumnReference Table="[SYSSESSIONS]" Column="database_id"/><ColumnReference Table="[SYSREQUESTS]" Column="request_id"/><ColumnReference Table="[SYSREQUESTS]" Column="status"/><ColumnReference Table="[SYSREQUESTS]" Column="sql_handle"/><ColumnReference Table="[SYSREQUESTS]" Column="plan_handle"/><ColumnReference Table="[SYSREQUESTS]" Column="connection_id"/><ColumnReference Table="[SYSREQUESTS]" Column="blocking_session_id"/><ColumnReference Table="[SYSREQUESTS]" Column="wait_type"/><ColumnReference Table="[SYSREQUESTS]" Column="wait_time"/><ColumnReference Table="[SYSREQUESTS]" Column="last_wait_type"/><ColumnReference Table="[SYSREQUESTS]" Column="wait_resource"/><ColumnReference Table="[SYSREQUESTS]" Column="transaction_id"/><ColumnReference Table="[SYSREQUESTS]" Column="percent_complete"/><ColumnReference Table="[SYSREQUESTS]" Column="estimated_completion_time"/><ColumnReference Table="[SYSREQUESTS]" Column="total_elapsed_time"/><ColumnReference Table="[SYSREQUESTS]" Column="query_hash"/><ColumnReference Table="[SYSCONNECTIONS]" Column="client_net_address"/></OutputList><MemoryFractions Input="1" Output="1"/><Hash><DefinedValues/><HashKeysBuild><ColumnReference Table="[SYSCONNECTIONS]" Column="session_id"/></HashKeysBuild><HashKeysProbe><ColumnReference Table="[SYSSESSIONS]" Column="session_id"/></HashKeysProbe><ProbeResidual><ScalarOperator ScalarString="SYSSESSIONS.[session_id]=SYSCONNECTIONS.[session_id]"><Compare CompareOp="EQ"><ScalarOperator><Identifier><ColumnReference Table="[SYSSESSIONS]" Column="session_id"/></Identifier></ScalarOperator><ScalarOperator><Identifier><ColumnReference Table="[SYSCONNECTIONS]" Column="session_id"/></Identifier></ScalarOperator></Compare></ScalarOperator></ProbeResidual><RelOp NodeId="4" PhysicalOp="Table-valued function" LogicalOp="Table-valued function" EstimateRows="18267" EstimateIO="0" EstimateCPU="0.0182672" AvgRowSize="63" EstimatedTotalSubtreeCost="0.0182672" Parallel="0" EstimateRebinds="0" EstimateRewinds="0" EstimatedExecutionMode="Row"><OutputList><ColumnReference Table="[SYSCONNECTIONS]" Column="session_id"/><ColumnReference Table="[SYSCONNECTIONS]" Column="client_net_address"/></OutputList><TableValuedFunction><DefinedValues><DefinedValue><ColumnReference Table="[SYSCONNECTIONS]" Column="session_id"/></DefinedValue><DefinedValue><ColumnReference Table="[SYSCONNECTIONS]" Column="client_net_address"/></DefinedValue></DefinedValues><Object Table="[SYSCONNECTIONS]"/><ParameterList><ScalarOperator ScalarString="(0)"><Const ConstValue="(0)"/></ScalarOperator><ScalarOperator ScalarString="NULL"><Const ConstValue="NULL"/></ScalarOperator></ParameterList></TableValuedFunction></RelOp><RelOp NodeId="5" PhysicalOp="Nested Loops" LogicalOp="Inner Join" EstimateRows="18322" EstimateIO="0" EstimateCPU="0.076586" AvgRowSize="1044" EstimatedTotalSubtreeCost="0.11323" Parallel="0" EstimateRebinds="0" EstimateRewinds="0" EstimatedExecutionMode="Row"><OutputList><ColumnReference Table="[SYSSESSIONS]" Column="session_id"/><ColumnReference Table="[SYSSESSIONS]" Column="login_time"/><ColumnReference Table="[SYSSESSIONS]" Column="host_name"/><ColumnReference Table="[SYSSESSIONS]" Column="program_name"/><ColumnReference Table="[SYSSESSIONS]" Column="login_name"/><ColumnReference Table="[SYSSESSIONS]" Column="status"/><ColumnReference Table="[SYSSESSIONS]" Column="cpu_time"/><ColumnReference Table="[SYSSESSIONS]" Column="memory_usage"/><ColumnReference Table="[SYSSESSIONS]" Column="last_request_start_time"/><ColumnReference Table="[SYSSESSIONS]" Column="last_request_end_time"/><ColumnReference Table="[SYSSESSIONS]" Column="reads"/><ColumnReference Table="[SYSSESSIONS]" Column="writes"/><ColumnReference Table="[SYSSESSIONS]" Column="logical_reads"/><ColumnReference Table="[SYSSESSIONS]" Column="transaction_isolation_level"/><ColumnReference Table="[SYSSESSIONS]" Column="row_count"/><ColumnReference Table="[SYSSESSIONS]" Column="database_id"/><ColumnReference Table="[SYSREQUESTS]" Column="request_id"/><ColumnReference Table="[SYSREQUESTS]" Column="status"/><ColumnReference Table="[SYSREQUESTS]" Column="sql_handle"/><ColumnReference Table="[SYSREQUESTS]" Column="plan_handle"/><ColumnReference Table="[SYSREQUESTS]" Column="connection_id"/><ColumnReference Table="[SYSREQUESTS]" Column="blocking_session_id"/><ColumnReference Table="[SYSREQUESTS]" Column="wait_type"/><ColumnReference Table="[SYSREQUESTS]" Column="wait_time"/><ColumnReference Table="[SYSREQUESTS]" Column="last_wait_type"/><ColumnReference Table="[SYSREQUESTS]" Column="wait_resource"/><ColumnReference Table="[SYSREQUESTS]" Column="transaction_id"/><ColumnReference Table="[SYSREQUESTS]" Column="percent_complete"/><ColumnReference Table="[SYSREQUESTS]" Column="estimated_completion_time"/><ColumnReference Table="[SYSREQUESTS]" Column="total_elapsed_time"/><ColumnReference Table="[SYSREQUESTS]" Column="query_hash"/></OutputList><NestedLoops Optimized="0"><OuterReferences><ColumnReference Table="[SYSREQUESTS]" Column="session_id"/></OuterReferences><RelOp NodeId="6" PhysicalOp="Table-valued function" LogicalOp="Table-valued function" EstimateRows="18322" EstimateIO="0" EstimateCPU="0.0183222" AvgRowSize="552" EstimatedTotalSubtreeCost="0.0183222" Parallel="0" EstimateRebinds="0" EstimateRewinds="0" EstimatedExecutionMode="Row"><OutputList><ColumnReference Table="[SYSREQUESTS]" Column="session_id"/><ColumnReference Table="[SYSREQUESTS]" Column="request_id"/><ColumnReference Table="[SYSREQUESTS]" Column="status"/><ColumnReference Table="[SYSREQUESTS]" Column="sql_handle"/><ColumnReference Table="[SYSREQUESTS]" Column="plan_handle"/><ColumnReference Table="[SYSREQUESTS]" Column="connection_id"/><ColumnReference Table="[SYSREQUESTS]" Column="blocking_session_id"/><ColumnReference Table="[SYSREQUESTS]" Column="wait_type"/><ColumnReference Table="[SYSREQUESTS]" Column="wait_time"/><ColumnReference Table="[SYSREQUESTS]" Column="last_wait_type"/><ColumnReference Table="[SYSREQUESTS]" Column="wait_resource"/><ColumnReference Table="[SYSREQUESTS]" Column="transaction_id"/><ColumnReference Table="[SYSREQUESTS]" Column="percent_complete"/><ColumnReference Table="[SYSREQUESTS]" Column="estimated_completion_time"/><ColumnReference Table="[SYSREQUESTS]" Column="total_elapsed_time"/><ColumnReference Table="[SYSREQUESTS]" Column="query_hash"/></OutputList><TableValuedFunction><DefinedValues><DefinedValue><ColumnReference Table="[SYSREQUESTS]" Column="session_id"/></DefinedValue><DefinedValue><ColumnReference Table="[SYSREQUESTS]" Column="request_id"/></DefinedValue><DefinedValue><ColumnReference Table="[SYSREQUESTS]" Column="status"/></DefinedValue><DefinedValue><ColumnReference Table="[SYSREQUESTS]" Column="sql_handle"/></DefinedValue><DefinedValue><ColumnReference Table="[SYSREQUESTS]" Column="plan_handle"/></DefinedValue><DefinedValue><ColumnReference Table="[SYSREQUESTS]" Column="connection_id"/></DefinedValue><DefinedValue><ColumnReference Table="[SYSREQUESTS]" Column="blocking_session_id"/></DefinedValue><DefinedValue><ColumnReference Table="[SYSREQUESTS]" Column="wait_type"/></DefinedValue><DefinedValue><ColumnReference Table="[SYSREQUESTS]" Column="wait_time"/></DefinedValue><DefinedValue><ColumnReference Table="[SYSREQUESTS]" Column="last_wait_type"/></DefinedValue><DefinedValue><ColumnReference Table="[SYSREQUESTS]" Column="wait_resource"/></DefinedValue><DefinedValue><ColumnReference Table="[SYSREQUESTS]" Column="transaction_id"/></DefinedValue><DefinedValue><ColumnReference Table="[SYSREQUESTS]" Column="percent_complete"/></DefinedValue><DefinedValue><ColumnReference Table="[SYSREQUESTS]" Column="estimated_completion_time"/></DefinedValue><DefinedValue><ColumnReference Table="[SYSREQUESTS]" Column="total_elapsed_time"/></DefinedValue><DefinedValue><ColumnReference Table="[SYSREQUESTS]" Column="query_hash"/></DefinedValue></DefinedValues><Object Table="[SYSREQUESTS]"/><ParameterList><ScalarOperator ScalarString="(0)"><Const ConstValue="(0)"/></ScalarOperator><ScalarOperator ScalarString="NULL"><Const ConstValue="NULL"/></ScalarOperator></ParameterList></TableValuedFunction></RelOp><RelOp NodeId="7" PhysicalOp="Table-valued function" LogicalOp="Table-valued function" EstimateRows="1" EstimateIO="0" EstimateCPU="1.157e-06" AvgRowSize="502" EstimatedTotalSubtreeCost="0.0183222" Parallel="0" EstimateRebinds="18186.6" EstimateRewinds="134.359" EstimatedExecutionMode="Row"><OutputList><ColumnReference Table="[SYSSESSIONS]" Column="session_id"/><ColumnReference Table="[SYSSESSIONS]" Column="login_time"/><ColumnReference Table="[SYSSESSIONS]" Column="host_name"/><ColumnReference Table="[SYSSESSIONS]" Column="program_name"/><ColumnReference Table="[SYSSESSIONS]" Column="login_name"/><ColumnReference Table="[SYSSESSIONS]" Column="status"/><ColumnReference Table="[SYSSESSIONS]" Column="cpu_time"/><ColumnReference Table="[SYSSESSIONS]" Column="memory_usage"/><ColumnReference Table="[SYSSESSIONS]" Column="last_request_start_time"/><ColumnReference Table="[SYSSESSIONS]" Column="last_request_end_time"/><ColumnReference Table="[SYSSESSIONS]" Column="reads"/><ColumnReference Table="[SYSSESSIONS]" Column="writes"/><ColumnReference Table="[SYSSESSIONS]" Column="logical_reads"/><ColumnReference Table="[SYSSESSIONS]" Column="transaction_isolation_level"/><ColumnReference Table="[SYSSESSIONS]" Column="row_count"/><ColumnReference Table="[SYSSESSIONS]" Column="database_id"/></OutputList><TableValuedFunction><DefinedValues><DefinedValue><ColumnReference Table="[SYSSESSIONS]" Column="session_id"/></DefinedValue><DefinedValue><ColumnReference Table="[SYSSESSIONS]" Column="login_time"/></DefinedValue><DefinedValue><ColumnReference Table="[SYSSESSIONS]" Column="host_name"/></DefinedValue><DefinedValue><ColumnReference Table="[SYSSESSIONS]" Column="program_name"/></DefinedValue><DefinedValue><ColumnReference Table="[SYSSESSIONS]" Column="login_name"/></DefinedValue><DefinedValue><ColumnReference Table="[SYSSESSIONS]" Column="status"/></DefinedValue><DefinedValue><ColumnReference Table="[SYSSESSIONS]" Column="cpu_time"/></DefinedValue><DefinedValue><ColumnReference Table="[SYSSESSIONS]" Column="memory_usage"/></DefinedValue><DefinedValue><ColumnReference Table="[SYSSESSIONS]" Column="last_request_start_time"/></DefinedValue><DefinedValue><ColumnReference Table="[SYSSESSIONS]" Column="last_request_end_time"/></DefinedValue><DefinedValue><ColumnReference Table="[SYSSESSIONS]" Column="reads"/></DefinedValue><DefinedValue><ColumnReference Table="[SYSSESSIONS]" Column="writes"/></DefinedValue><DefinedValue><ColumnReference Table="[SYSSESSIONS]" Column="logical_reads"/></DefinedValue><DefinedValue><ColumnReference Table="[SYSSESSIONS]" Column="transaction_isolation_level"/></DefinedValue><DefinedValue><ColumnReference Table="[SYSSESSIONS]" Column="row_count"/></DefinedValue><DefinedValue><ColumnReference Table="[SYSSESSIONS]" Column="database_id"/></DefinedValue></DefinedValues><Object Table="[SYSSESSIONS]"/><ParameterList><ScalarOperator ScalarString="(1)"><Const ConstValue="(1)"/></ScalarOperator><ScalarOperator ScalarString="SYSREQUESTS.[session_id]"><Identifier><ColumnReference Table="[SYSREQUESTS]" Column="session_id"/></Identifier></ScalarOperator></ParameterList></TableValuedFunction></RelOp></NestedLoops></RelOp></Hash></RelOp></ComputeScalar></RelOp><RelOp NodeId="8" PhysicalOp="Table-valued function" LogicalOp="Table-valued function" EstimateRows="1" EstimateIO="0" EstimateCPU="1.157e-06" AvgRowSize="4035" EstimatedTotalSubtreeCost="2.47271" Parallel="0" EstimateRebinds="2.45444e+06" EstimateRewinds="18266.8" EstimatedExecutionMode="Row"><OutputList><ColumnReference Table="[FNGETSQL]" Column="text"/></OutputList><TableValuedFunction><DefinedValues><DefinedValue><ColumnReference Table="[FNGETSQL]" Column="text"/></DefinedValue></DefinedValues><Object Table="[FNGETSQL]"/><ParameterList><ScalarOperator ScalarString="SYSREQUESTS.[sql_handle]"><Identifier><ColumnReference Table="[SYSREQUESTS]" Column="sql_handle"/></Identifier></ScalarOperator></ParameterList></TableValuedFunction></RelOp></NestedLoops></RelOp><Predicate><ScalarOperator ScalarString="FNGETSQL.[text] IS NOT NULL"><Compare CompareOp="IS NOT"><ScalarOperator><Identifier><ColumnReference Table="[FNGETSQL]" Column="text"/></Identifier></ScalarOperator><ScalarOperator><Const ConstValue="NULL"/></ScalarOperator></Compare></ScalarOperator></Predicate></Filter></RelOp></QueryPlan></StmtSimple></Statements></Batch></BatchSequence></ShowPlanXML>