<ShowPlanXML xmlns="http://schemas.microsoft.com/sqlserver/2004/07/showplan" Version="1.539" Build="15.0.4430.1"><BatchSequence><Batch><Statements><StmtSimple StatementText="select strategy, account, asset, sum(qty) as qty from trades&#x0A;group by strategy, account, asset&#x0A;having sum(qty) &lt;&gt; 0" StatementId="1" StatementCompId="1" StatementType="SELECT" RetrievedFromCache="true" StatementSubTreeCost="0.00332735" StatementEstRows="16.7817" SecurityPolicyApplied="false" StatementOptmLevel="FULL" QueryHash="0xA767838E40227A17" QueryPlanHash="0x3EC8657A2010393D" StatementOptmEarlyAbortReason="GoodEnoughPlanFound" CardinalityEstimationModelVersion="150"><StatementSetOptions QUOTED_IDENTIFIER="true" ARITHABORT="false" CONCAT_NULL_YIELDS_NULL="true" ANSI_NULLS="true" ANSI_PADDING="true" ANSI_WARNINGS="true" NUMERIC_ROUNDABORT="false"/><QueryPlan CachedPlanSize="24" CompileTime="25" CompileCPU="17" CompileMemory="264"><MemoryGrantInfo SerialRequiredMemory="0" SerialDesiredMemory="0" GrantedMemory="0" MaxUsedMemory="0"/><OptimizerHardwareDependentProperties EstimatedAvailableMemoryGrant="81132" EstimatedPagesCached="81132" EstimatedAvailableDegreeOfParallelism="8" MaxCompileMemory="6071952"/><OptimizerStatsUsage><StatisticsInfo LastUpdate="2025-12-14T14:55:00.98" ModificationCount="41110652" SamplingPercent="0.775674" Statistics="[_WA_Sys_00000005_1387E197]" Table="[trades]" Schema="[dbo]" Database="[master]"/><StatisticsInfo LastUpdate="2025-12-14T14:55:02.04" ModificationCount="41104651" SamplingPercent="0.775193" Statistics="[_WA_Sys_00000003_1387E197]" Table="[trades]" Schema="[dbo]" Database="[master]"/><StatisticsInfo LastUpdate="2025-12-14T14:55:00.58" ModificationCount="41111581" SamplingPercent="0.777244" Statistics="[_WA_Sys_00000006_1387E197]" Table="[trades]" Schema="[dbo]" Database="[master]"/></OptimizerStatsUsage><RelOp NodeId="0" PhysicalOp="Filter" LogicalOp="Filter" EstimateRows="16.7817" EstimateIO="0" EstimateCPU="8.05523e-06" AvgRowSize="66" EstimatedTotalSubtreeCost="0.00332735" Parallel="0" EstimateRebinds="0" EstimateRewinds="0" EstimatedExecutionMode="Row"><OutputList><ColumnReference Database="[master]" Schema="[dbo]" Table="[trades]" Column="strategy"/><ColumnReference Database="[master]" Schema="[dbo]" Table="[trades]" Column="account"/><ColumnReference Database="[master]" Schema="[dbo]" Table="[trades]" Column="asset"/><ColumnReference Column="Expr1002"/></OutputList><Filter StartupExpression="0"><RelOp NodeId="1" PhysicalOp="Stream Aggregate" LogicalOp="Aggregate" EstimateRows="16.7817" EstimateIO="0" EstimateCPU="1.85909e-05" AvgRowSize="66" EstimatedTotalSubtreeCost="0.00331929" Parallel="0" EstimateRebinds="0" EstimateRewinds="0" EstimatedExecutionMode="Row"><OutputList><ColumnReference Database="[master]" Schema="[dbo]" Table="[trades]" Column="strategy"/><ColumnReference Database="[master]" Schema="[dbo]" Table="[trades]" Column="account"/><ColumnReference Database="[master]" Schema="[dbo]" Table="[trades]" Column="asset"/><ColumnReference Column="Expr1002"/></OutputList><StreamAggregate><DefinedValues><DefinedValue><ColumnReference Column="Expr1002"/><ScalarOperator ScalarString="SUM([master].[dbo].[trades].[qty])"><Aggregate Distinct="0" AggType="SUM"><ScalarOperator><Identifier><ColumnReference Database="[master]" Schema="[dbo]" Table="[trades]" Column="qty"/></Identifier></ScalarOperator></Aggregate></ScalarOperator></DefinedValue></DefinedValues><GroupBy><ColumnReference Database="[master]" Schema="[dbo]" Table="[trades]" Column="strategy"/><ColumnReference Database="[master]" Schema="[dbo]" Table="[trades]" Column="asset"/><ColumnReference Database="[master]" Schema="[dbo]" Table="[trades]" Column="account"/></GroupBy><RelOp NodeId="2" PhysicalOp="Index Scan" LogicalOp="Index Scan" EstimateRows="17" EstimatedRowsRead="17" EstimateIO="0.003125" EstimateCPU="0.0001757" AvgRowSize="62" EstimatedTotalSubtreeCost="0.0033007" TableCardinality="17" Parallel="0" EstimateRebinds="0" EstimateRewinds="0" EstimatedExecutionMode="Row"><OutputList><ColumnReference Database="[master]" Schema="[dbo]" Table="[trades]" Column="strategy"/><ColumnReference Database="[master]" Schema="[dbo]" Table="[trades]" Column="qty"/><ColumnReference Database="[master]" Schema="[dbo]" Table="[trades]" Column="account"/><ColumnReference Database="[master]" Schema="[dbo]" Table="[trades]" Column="asset"/></OutputList><Warnings><ColumnsWithNoStatistics><ColumnReference Database="[master]" Schema="[dbo]" Table="[trades]" Column="strategy"/></ColumnsWithNoStatistics></Warnings><IndexScan Ordered="1" ScanDirection="FORWARD" ForcedIndex="0" ForceSeek="0" ForceScan="0" NoExpandHint="0" Storage="RowStore"><DefinedValues><DefinedValue><ColumnReference Database="[master]" Schema="[dbo]" Table="[trades]" Column="strategy"/></DefinedValue><DefinedValue><ColumnReference Database="[master]" Schema="[dbo]" Table="[trades]" Column="qty"/></DefinedValue><DefinedValue><ColumnReference Database="[master]" Schema="[dbo]" Table="[trades]" Column="account"/></DefinedValue><DefinedValue><ColumnReference Database="[master]" Schema="[dbo]" Table="[trades]" Column="asset"/></DefinedValue></DefinedValues><Object Database="[master]" Schema="[dbo]" Table="[trades]" Index="[trades_group_01_idx]" IndexKind="NonClustered" Storage="RowStore"/></IndexScan></RelOp></StreamAggregate></RelOp><Predicate><ScalarOperator ScalarString="[Expr1002]&lt;&gt;(0.00000000)"><Compare CompareOp="NE"><ScalarOperator><Identifier><ColumnReference Column="Expr1002"/></Identifier></ScalarOperator><ScalarOperator><Const ConstValue="(0.00000000)"/></ScalarOperator></Compare></ScalarOperator></Predicate></Filter></RelOp></QueryPlan></StmtSimple></Statements></Batch></BatchSequence></ShowPlanXML>